<?xml version="1.0" encoding="UTF-8"?>
<!-- Generated by org.testng.reporters.JUnitReportReporter -->
<testsuite hostname="Kirans-MacBook-Air.local" failures="0" tests="2" name="com.client.project.TroubleTicket.createTroubleTicketTest" time="20.384" errors="0" timestamp="2026-05-20T15:51:17 IST" skipped="0">
  <testcase classname="com.client.project.TroubleTicket.createTroubleTicketTest" name="createtroubleticketTest" time="10.952"/>
  <testcase classname="com.client.project.TroubleTicket.createTroubleTicketTest" name="createtroubleticketwithFAQTest" time="9.432"/>
</testsuite> <!-- com.client.project.TroubleTicket.createTroubleTicketTest -->
