<?xml version="1.0" encoding="UTF-8"?>
<testng-results ignored="0" total="1" passed="1" failed="0" skipped="0">
  <reporter-output>
  </reporter-output>
  <suite started-at="2026-05-20T14:49:38 IST" name="Default suite" finished-at="2026-05-20T14:49:53 IST" duration-ms="15273">
    <groups>
    </groups>
    <test started-at="2026-05-20T14:49:38 IST" name="Default test" finished-at="2026-05-20T14:49:53 IST" duration-ms="15273">
      <class name="com.client.project.TroubleTicket.createTroubleTicketTest">
        <test-method is-config="true" signature="configBS()[pri:0, instance:com.client.project.TroubleTicket.createTroubleTicketTest@20ce78ec]" started-at="2026-05-20T14:49:38 IST" name="configBS" finished-at="2026-05-20T14:49:38 IST" duration-ms="56" status="PASS">
          <reporter-output>
          </reporter-output>
        </test-method> <!-- configBS -->
        <test-method is-config="true" signature="configBC()[pri:0, instance:com.client.project.TroubleTicket.createTroubleTicketTest@20ce78ec]" started-at="2026-05-20T14:49:38 IST" name="configBC" finished-at="2026-05-20T14:49:42 IST" duration-ms="3795" status="PASS">
          <reporter-output>
          </reporter-output>
        </test-method> <!-- configBC -->
        <test-method is-config="true" signature="configBM()[pri:0, instance:com.client.project.TroubleTicket.createTroubleTicketTest@20ce78ec]" started-at="2026-05-20T14:49:42 IST" name="configBM" finished-at="2026-05-20T14:49:44 IST" duration-ms="2096" status="PASS">
          <reporter-output>
          </reporter-output>
        </test-method> <!-- configBM -->
        <test-method signature="createtroubleticketTest()[pri:0, instance:com.client.project.TroubleTicket.createTroubleTicketTest@20ce78ec]" started-at="2026-05-20T14:49:44 IST" name="createtroubleticketTest" finished-at="2026-05-20T14:49:52 IST" duration-ms="8291" status="PASS">
          <reporter-output>
          </reporter-output>
        </test-method> <!-- createtroubleticketTest -->
        <test-method is-config="true" signature="configAM()[pri:0, instance:com.client.project.TroubleTicket.createTroubleTicketTest@20ce78ec]" started-at="2026-05-20T14:49:52 IST" name="configAM" finished-at="2026-05-20T14:49:53 IST" duration-ms="774" status="PASS">
          <reporter-output>
          </reporter-output>
        </test-method> <!-- configAM -->
        <test-method is-config="true" signature="configAC()[pri:0, instance:com.client.project.TroubleTicket.createTroubleTicketTest@20ce78ec]" started-at="2026-05-20T14:49:53 IST" name="configAC" finished-at="2026-05-20T14:49:53 IST" duration-ms="235" status="PASS">
          <reporter-output>
          </reporter-output>
        </test-method> <!-- configAC -->
        <test-method is-config="true" signature="configAS()[pri:0, instance:com.client.project.TroubleTicket.createTroubleTicketTest@20ce78ec]" started-at="2026-05-20T14:49:53 IST" name="configAS" finished-at="2026-05-20T14:49:53 IST" duration-ms="0" status="PASS">
          <reporter-output>
          </reporter-output>
        </test-method> <!-- configAS -->
      </class> <!-- com.client.project.TroubleTicket.createTroubleTicketTest -->
    </test> <!-- Default test -->
  </suite> <!-- Default suite -->
</testng-results>
