<?xml version="1.0" encoding="UTF-8"?>
<testng-results ignored="0" total="1" passed="1" failed="0" skipped="0">
  <reporter-output>
  </reporter-output>
  <suite started-at="2026-05-20T12:32:17 IST" name="Default suite" finished-at="2026-05-20T12:32:27 IST" duration-ms="10365">
    <groups>
    </groups>
    <test started-at="2026-05-20T12:32:17 IST" name="Default test" finished-at="2026-05-20T12:32:27 IST" duration-ms="10365">
      <class name="com.client.project.Email.createEmailTest">
        <test-method is-config="true" signature="configBS()[pri:0, instance:com.client.project.Email.createEmailTest@20ce78ec]" started-at="2026-05-20T12:32:17 IST" name="configBS" finished-at="2026-05-20T12:32:17 IST" duration-ms="73" status="PASS">
          <reporter-output>
          </reporter-output>
        </test-method> <!-- configBS -->
        <test-method is-config="true" signature="configBC()[pri:0, instance:com.client.project.Email.createEmailTest@20ce78ec]" started-at="2026-05-20T12:32:17 IST" name="configBC" finished-at="2026-05-20T12:32:21 IST" duration-ms="4582" status="PASS">
          <reporter-output>
          </reporter-output>
        </test-method> <!-- configBC -->
        <test-method is-config="true" signature="configBM()[pri:0, instance:com.client.project.Email.createEmailTest@20ce78ec]" started-at="2026-05-20T12:32:21 IST" name="configBM" finished-at="2026-05-20T12:32:22 IST" duration-ms="405" status="PASS">
          <reporter-output>
          </reporter-output>
        </test-method> <!-- configBM -->
        <test-method signature="createemailTest()[pri:0, instance:com.client.project.Email.createEmailTest@20ce78ec]" started-at="2026-05-20T12:32:22 IST" name="createemailTest" finished-at="2026-05-20T12:32:25 IST" duration-ms="3576" status="PASS">
          <reporter-output>
          </reporter-output>
        </test-method> <!-- createemailTest -->
        <test-method is-config="true" signature="configAM()[pri:0, instance:com.client.project.Email.createEmailTest@20ce78ec]" started-at="2026-05-20T12:32:25 IST" name="configAM" finished-at="2026-05-20T12:32:27 IST" duration-ms="1448" status="PASS">
          <reporter-output>
          </reporter-output>
        </test-method> <!-- configAM -->
        <test-method is-config="true" signature="configAC()[pri:0, instance:com.client.project.Email.createEmailTest@20ce78ec]" started-at="2026-05-20T12:32:27 IST" name="configAC" finished-at="2026-05-20T12:32:27 IST" duration-ms="243" status="PASS">
          <reporter-output>
          </reporter-output>
        </test-method> <!-- configAC -->
        <test-method is-config="true" signature="configAS()[pri:0, instance:com.client.project.Email.createEmailTest@20ce78ec]" started-at="2026-05-20T12:32:27 IST" name="configAS" finished-at="2026-05-20T12:32:27 IST" duration-ms="1" status="PASS">
          <reporter-output>
          </reporter-output>
        </test-method> <!-- configAS -->
      </class> <!-- com.client.project.Email.createEmailTest -->
    </test> <!-- Default test -->
  </suite> <!-- Default suite -->
</testng-results>
